<?xml version="1.0" encoding="UTF-8"?>
<!-- Generated by org.testng.reporters.JUnitReportReporter -->
<testsuite hostname="LAPTOP-T51A3O5O" failures="0" tests="1" name="BasePack.BaseClass" time="3.410" errors="0" timestamp="2025-04-18T11:37:27 IST" skipped="0">
  <testcase classname="BasePack.BaseClass" name="Login" time="3.410"/>
  <system-out/>
</testsuite> <!-- BasePack.BaseClass -->
