<?xml version="1.0" encoding="UTF-8"?>
<!-- Generated by org.testng.reporters.JUnitReportReporter -->
<testsuite hostname="LAPTOP-T51A3O5O" failures="0" tests="1" name="TestingPack.ExecuteTestCases" time="9.493" errors="0" timestamp="2025-04-19T12:36:10 IST" skipped="0">
  <testcase classname="TestingPack.ExecuteTestCases" name="Testcases" time="9.493"/>
  <system-out/>
</testsuite> <!-- TestingPack.ExecuteTestCases -->
