<?xml version="1.0" encoding="UTF-8"?>
<!-- Generated by org.testng.reporters.JUnitReportReporter -->
<testsuite hostname="LAPTOP-T51A3O5O" failures="0" tests="1" name="TestingPack.ExecutingTestingData" time="22.497" errors="0" timestamp="2025-05-02T13:23:46 IST" skipped="0">
  <testcase classname="TestingPack.ExecutingTestingData" name="Testcases" time="22.497"/>
  <system-out/>
</testsuite> <!-- TestingPack.ExecutingTestingData -->
